#
# A fatal error has been detected by the Java Runtime Environment:
#
#  Internal Error (t:/workspace/open/src/hotspot/share/oops/generateOopMap.cpp:2164), pid=9988, tid=8224
#  fatal error: Illegal class file encountered. Try running with -Xverify:all in method sum
#
# JRE version: Java(TM) SE Runtime Environment (11.0.2+9) (build 11.0.2+9-LTS)
# Java VM: Java HotSpot(TM) 64-Bit Server VM (11.0.2+9-LTS, mixed mode, tiered, compressed oops, g1 gc, windows-amd64)
# No core dump will be written. Minidumps are not enabled by default on client versions of Windows
#
# If you would like to submit a bug report, please visit:
#   http://bugreport.java.com/bugreport/crash.jsp
#

---------------  S U M M A R Y ------------

Command Line: -agentlib:jdwp=transport=dt_socket,suspend=y,address=localhost:54709 -javaagent:C:\Users\loxas\eclipse\java-2018-12\eclipse\configuration\org.eclipse.osgi\221\0\.cp\lib\javaagent-shaded.jar -Dfile.encoding=Cp1251 Tree

Host: Intel(R) Core(TM) i5-7200U CPU @ 2.50GHz, 4 cores, 7G,  Windows 10 , 64 bit Build 17134 (10.0.17134.556)
Time: Thu Feb 21 23:06:25 2019 O?ieyia?y (ceia) elapsed time: 1121 seconds (0d 0h 18m 41s)

---------------  T H R E A D  ---------------

Current thread (0x000001da50649000):  VMThread "VM Thread" [stack: 0x000000013db00000,0x000000013dc00000] [id=8224]

Stack: [0x000000013db00000,0x000000013dc00000]
[error occurred during error reporting (printing stack bounds), id 0xc0000005, EXCEPTION_ACCESS_VIOLATION (0xc0000005) at pc=0x000001da3a620bad]

Native frames: (J=compiled Java code, j=interpreted, Vv=VM code, C=native code)
V  [jvm.dll+0x63574a]
V  [jvm.dll+0x77326f]
V  [jvm.dll+0x77491a]
V  [jvm.dll+0x774f35]
V  [jvm.dll+0x774eeb]
V  [jvm.dll+0x634e56]
V  [jvm.dll+0x635218]
C  [ntdll.dll+0x9f7dd]
C  [ntdll.dll+0xd856]
C  [ntdll.dll+0x9e70e]
C  0x000001da3a620bad

VM_Operation (0x000000013e6ff6a0): GetOrSetLocal, mode: safepoint, requested by thread 0x000001da9171b800


---------------  P R O C E S S  ---------------

Threads class SMR info:
_java_thread_list=0x000001da91795c50, length=13, elements={
0x000001da322f5000, 0x000001da5066f000, 0x000001da5067a800, 0x000001da5068c000,
0x000001da5068d800, 0x000001da50692000, 0x000001da5069e800, 0x000001da506a3000,
0x000001da91149800, 0x000001da9171b800, 0x000001da91307000, 0x000001da91308000,
0x000001da91377000
}

Java Threads: ( => current thread )
  0x000001da322f5000 JavaThread "main" [_thread_blocked, id=13628, stack(0x000000013d500000,0x000000013d600000)]
  0x000001da5066f000 JavaThread "Reference Handler" daemon [_thread_blocked, id=7400, stack(0x000000013dc00000,0x000000013dd00000)]
  0x000001da5067a800 JavaThread "Finalizer" daemon [_thread_blocked, id=14036, stack(0x000000013dd00000,0x000000013de00000)]
  0x000001da5068c000 JavaThread "Signal Dispatcher" daemon [_thread_blocked, id=10948, stack(0x000000013de00000,0x000000013df00000)]
  0x000001da5068d800 JavaThread "Attach Listener" daemon [_thread_blocked, id=13648, stack(0x000000013df00000,0x000000013e000000)]
  0x000001da50692000 JavaThread "C2 CompilerThread0" daemon [_thread_blocked, id=15928, stack(0x000000013e000000,0x000000013e100000)]
  0x000001da5069e800 JavaThread "C1 CompilerThread0" daemon [_thread_blocked, id=16672, stack(0x000000013e100000,0x000000013e200000)]
  0x000001da506a3000 JavaThread "Sweeper thread" daemon [_thread_blocked, id=14924, stack(0x000000013e200000,0x000000013e300000)]
  0x000001da91149800 JavaThread "Common-Cleaner" daemon [_thread_blocked, id=944, stack(0x000000013e300000,0x000000013e400000)]
  0x000001da9171b800 JavaThread "JDWP Transport Listener: dt_socket" daemon [_thread_blocked, id=15172, stack(0x000000013e600000,0x000000013e700000)] _threads_hazard_ptr=0x000001da91795c50
  0x000001da91307000 JavaThread "JDWP Event Helper Thread" daemon [_thread_blocked, id=13548, stack(0x000000013e700000,0x000000013e800000)]
  0x000001da91308000 JavaThread "JDWP Command Reader" daemon [_thread_in_native, id=16748, stack(0x000000013e800000,0x000000013e900000)]
  0x000001da91377000 JavaThread "Service Thread" daemon [_thread_blocked, id=14240, stack(0x000000013e900000,0x000000013ea00000)]

Other Threads:
=>0x000001da50649000 VMThread "VM Thread" [stack: 0x000000013db00000,0x000000013dc00000] [id=8224]
  0x000001da91377800 WatcherThread [stack: 0x000000013ea00000,0x000000013eb00000] [id=14092]
  0x000001da3230b000 GCTaskThread "GC Thread#0" [stack: 0x000000013d600000,0x000000013d700000] [id=11600]
  0x000001da3233e800 ConcurrentGCThread "G1 Main Marker" [stack: 0x000000013d700000,0x000000013d800000] [id=15248]
  0x000001da32341800 ConcurrentGCThread "G1 Conc#0" [stack: 0x000000013d800000,0x000000013d900000] [id=10636]
  0x000001da504c0800 ConcurrentGCThread "G1 Refine#0" [stack: 0x000000013d900000,0x000000013da00000] [id=1812]
  0x000001da504c1800 ConcurrentGCThread "G1 Young RemSet Sampling" [stack: 0x000000013da00000,0x000000013db00000] [id=6872]

Threads with active compile tasks:

VM state:at safepoint (normal execution)

VM Mutex/Monitor currently owned by a thread:  ([mutex/lock_event])
[0x000001da322f3ca0] Threads_lock - owner thread: 0x000001da50649000

Heap address: 0x0000000081600000, size: 2026 MB, Compressed Oops mode: 32-bit
Narrow klass base: 0x000001da506b0000, Narrow klass shift: 0
Compressed class space size: 1073741824 Address: 0x000001da506b0000

Heap:
 garbage-first heap   total 131072K, used 4096K [0x0000000081600000, 0x0000000100000000)
  region size 1024K, 5 young (5120K), 0 survivors (0K)
 Metaspace       used 8772K, capacity 8866K, committed 9088K, reserved 1056768K
  class space    used 769K, capacity 802K, committed 896K, reserved 1048576K
Heap Regions: E=young(eden), S=young(survivor), O=old, HS=humongous(starts), HC=humongous(continues), CS=collection set, F=free, A=archive, TAMS=top-at-mark-start (previous, next)
|   0|0x0000000081600000, 0x0000000081600000, 0x0000000081700000|  0%| F|  |TAMS 0x0000000081600000, 0x0000000081600000| Untracked 
|   1|0x0000000081700000, 0x0000000081700000, 0x0000000081800000|  0%| F|  |TAMS 0x0000000081700000, 0x0000000081700000| Untracked 
|   2|0x0000000081800000, 0x0000000081800000, 0x0000000081900000|  0%| F|  |TAMS 0x0000000081800000, 0x0000000081800000| Untracked 
|   3|0x0000000081900000, 0x0000000081900000, 0x0000000081a00000|  0%| F|  |TAMS 0x0000000081900000, 0x0000000081900000| Untracked 
|   4|0x0000000081a00000, 0x0000000081a00000, 0x0000000081b00000|  0%| F|  |TAMS 0x0000000081a00000, 0x0000000081a00000| Untracked 
|   5|0x0000000081b00000, 0x0000000081b00000, 0x0000000081c00000|  0%| F|  |TAMS 0x0000000081b00000, 0x0000000081b00000| Untracked 
|   6|0x0000000081c00000, 0x0000000081c00000, 0x0000000081d00000|  0%| F|  |TAMS 0x0000000081c00000, 0x0000000081c00000| Untracked 
|   7|0x0000000081d00000, 0x0000000081d00000, 0x0000000081e00000|  0%| F|  |TAMS 0x0000000081d00000, 0x0000000081d00000| Untracked 
|   8|0x0000000081e00000, 0x0000000081e00000, 0x0000000081f00000|  0%| F|  |TAMS 0x0000000081e00000, 0x0000000081e00000| Untracked 
|   9|0x0000000081f00000, 0x0000000081f00000, 0x0000000082000000|  0%| F|  |TAMS 0x0000000081f00000, 0x0000000081f00000| Untracked 
|  10|0x0000000082000000, 0x0000000082000000, 0x0000000082100000|  0%| F|  |TAMS 0x0000000082000000, 0x0000000082000000| Untracked 
|  11|0x0000000082100000, 0x0000000082100000, 0x0000000082200000|  0%| F|  |TAMS 0x0000000082100000, 0x0000000082100000| Untracked 
|  12|0x0000000082200000, 0x0000000082200000, 0x0000000082300000|  0%| F|  |TAMS 0x0000000082200000, 0x0000000082200000| Untracked 
|  13|0x0000000082300000, 0x0000000082300000, 0x0000000082400000|  0%| F|  |TAMS 0x0000000082300000, 0x0000000082300000| Untracked 
|  14|0x0000000082400000, 0x0000000082400000, 0x0000000082500000|  0%| F|  |TAMS 0x0000000082400000, 0x0000000082400000| Untracked 
|  15|0x0000000082500000, 0x0000000082500000, 0x0000000082600000|  0%| F|  |TAMS 0x0000000082500000, 0x0000000082500000| Untracked 
|  16|0x0000000082600000, 0x0000000082600000, 0x0000000082700000|  0%| F|  |TAMS 0x0000000082600000, 0x0000000082600000| Untracked 
|  17|0x0000000082700000, 0x0000000082700000, 0x0000000082800000|  0%| F|  |TAMS 0x0000000082700000, 0x0000000082700000| Untracked 
|  18|0x0000000082800000, 0x0000000082800000, 0x0000000082900000|  0%| F|  |TAMS 0x0000000082800000, 0x0000000082800000| Untracked 
|  19|0x0000000082900000, 0x0000000082900000, 0x0000000082a00000|  0%| F|  |TAMS 0x0000000082900000, 0x0000000082900000| Untracked 
|  20|0x0000000082a00000, 0x0000000082a00000, 0x0000000082b00000|  0%| F|  |TAMS 0x0000000082a00000, 0x0000000082a00000| Untracked 
|  21|0x0000000082b00000, 0x0000000082b00000, 0x0000000082c00000|  0%| F|  |TAMS 0x0000000082b00000, 0x0000000082b00000| Untracked 
|  22|0x0000000082c00000, 0x0000000082c00000, 0x0000000082d00000|  0%| F|  |TAMS 0x0000000082c00000, 0x0000000082c00000| Untracked 
|  23|0x0000000082d00000, 0x0000000082d00000, 0x0000000082e00000|  0%| F|  |TAMS 0x0000000082d00000, 0x0000000082d00000| Untracked 
|  24|0x0000000082e00000, 0x0000000082e00000, 0x0000000082f00000|  0%| F|  |TAMS 0x0000000082e00000, 0x0000000082e00000| Untracked 
|  25|0x0000000082f00000, 0x0000000082f00000, 0x0000000083000000|  0%| F|  |TAMS 0x0000000082f00000, 0x0000000082f00000| Untracked 
|  26|0x0000000083000000, 0x0000000083000000, 0x0000000083100000|  0%| F|  |TAMS 0x0000000083000000, 0x0000000083000000| Untracked 
|  27|0x0000000083100000, 0x0000000083100000, 0x0000000083200000|  0%| F|  |TAMS 0x0000000083100000, 0x0000000083100000| Untracked 
|  28|0x0000000083200000, 0x0000000083200000, 0x0000000083300000|  0%| F|  |TAMS 0x0000000083200000, 0x0000000083200000| Untracked 
|  29|0x0000000083300000, 0x0000000083300000, 0x0000000083400000|  0%| F|  |TAMS 0x0000000083300000, 0x0000000083300000| Untracked 
|  30|0x0000000083400000, 0x0000000083400000, 0x0000000083500000|  0%| F|  |TAMS 0x0000000083400000, 0x0000000083400000| Untracked 
|  31|0x0000000083500000, 0x0000000083500000, 0x0000000083600000|  0%| F|  |TAMS 0x0000000083500000, 0x0000000083500000| Untracked 
|  32|0x0000000083600000, 0x0000000083600000, 0x0000000083700000|  0%| F|  |TAMS 0x0000000083600000, 0x0000000083600000| Untracked 
|  33|0x0000000083700000, 0x0000000083700000, 0x0000000083800000|  0%| F|  |TAMS 0x0000000083700000, 0x0000000083700000| Untracked 
|  34|0x0000000083800000, 0x0000000083800000, 0x0000000083900000|  0%| F|  |TAMS 0x0000000083800000, 0x0000000083800000| Untracked 
|  35|0x0000000083900000, 0x0000000083900000, 0x0000000083a00000|  0%| F|  |TAMS 0x0000000083900000, 0x0000000083900000| Untracked 
|  36|0x0000000083a00000, 0x0000000083a00000, 0x0000000083b00000|  0%| F|  |TAMS 0x0000000083a00000, 0x0000000083a00000| Untracked 
|  37|0x0000000083b00000, 0x0000000083b00000, 0x0000000083c00000|  0%| F|  |TAMS 0x0000000083b00000, 0x0000000083b00000| Untracked 
|  38|0x0000000083c00000, 0x0000000083c00000, 0x0000000083d00000|  0%| F|  |TAMS 0x0000000083c00000, 0x0000000083c00000| Untracked 
|  39|0x0000000083d00000, 0x0000000083d00000, 0x0000000083e00000|  0%| F|  |TAMS 0x0000000083d00000, 0x0000000083d00000| Untracked 
|  40|0x0000000083e00000, 0x0000000083e00000, 0x0000000083f00000|  0%| F|  |TAMS 0x0000000083e00000, 0x0000000083e00000| Untracked 
|  41|0x0000000083f00000, 0x0000000083f00000, 0x0000000084000000|  0%| F|  |TAMS 0x0000000083f00000, 0x0000000083f00000| Untracked 
|  42|0x0000000084000000, 0x0000000084000000, 0x0000000084100000|  0%| F|  |TAMS 0x0000000084000000, 0x0000000084000000| Untracked 
|  43|0x0000000084100000, 0x0000000084100000, 0x0000000084200000|  0%| F|  |TAMS 0x0000000084100000, 0x0000000084100000| Untracked 
|  44|0x0000000084200000, 0x0000000084200000, 0x0000000084300000|  0%| F|  |TAMS 0x0000000084200000, 0x0000000084200000| Untracked 
|  45|0x0000000084300000, 0x0000000084300000, 0x0000000084400000|  0%| F|  |TAMS 0x0000000084300000, 0x0000000084300000| Untracked 
|  46|0x0000000084400000, 0x0000000084400000, 0x0000000084500000|  0%| F|  |TAMS 0x0000000084400000, 0x0000000084400000| Untracked 
|  47|0x0000000084500000, 0x0000000084500000, 0x0000000084600000|  0%| F|  |TAMS 0x0000000084500000, 0x0000000084500000| Untracked 
|  48|0x0000000084600000, 0x0000000084600000, 0x0000000084700000|  0%| F|  |TAMS 0x0000000084600000, 0x0000000084600000| Untracked 
|  49|0x0000000084700000, 0x0000000084700000, 0x0000000084800000|  0%| F|  |TAMS 0x0000000084700000, 0x0000000084700000| Untracked 
|  50|0x0000000084800000, 0x0000000084800000, 0x0000000084900000|  0%| F|  |TAMS 0x0000000084800000, 0x0000000084800000| Untracked 
|  51|0x0000000084900000, 0x0000000084900000, 0x0000000084a00000|  0%| F|  |TAMS 0x0000000084900000, 0x0000000084900000| Untracked 
|  52|0x0000000084a00000, 0x0000000084a00000, 0x0000000084b00000|  0%| F|  |TAMS 0x0000000084a00000, 0x0000000084a00000| Untracked 
|  53|0x0000000084b00000, 0x0000000084b00000, 0x0000000084c00000|  0%| F|  |TAMS 0x0000000084b00000, 0x0000000084b00000| Untracked 
|  54|0x0000000084c00000, 0x0000000084c00000, 0x0000000084d00000|  0%| F|  |TAMS 0x0000000084c00000, 0x0000000084c00000| Untracked 
|  55|0x0000000084d00000, 0x0000000084d00000, 0x0000000084e00000|  0%| F|  |TAMS 0x0000000084d00000, 0x0000000084d00000| Untracked 
|  56|0x0000000084e00000, 0x0000000084e00000, 0x0000000084f00000|  0%| F|  |TAMS 0x0000000084e00000, 0x0000000084e00000| Untracked 
|  57|0x0000000084f00000, 0x0000000084f00000, 0x0000000085000000|  0%| F|  |TAMS 0x0000000084f00000, 0x0000000084f00000| Untracked 
|  58|0x0000000085000000, 0x0000000085000000, 0x0000000085100000|  0%| F|  |TAMS 0x0000000085000000, 0x0000000085000000| Untracked 
|  59|0x0000000085100000, 0x0000000085100000, 0x0000000085200000|  0%| F|  |TAMS 0x0000000085100000, 0x0000000085100000| Untracked 
|  60|0x0000000085200000, 0x0000000085200000, 0x0000000085300000|  0%| F|  |TAMS 0x0000000085200000, 0x0000000085200000| Untracked 
|  61|0x0000000085300000, 0x0000000085300000, 0x0000000085400000|  0%| F|  |TAMS 0x0000000085300000, 0x0000000085300000| Untracked 
|  62|0x0000000085400000, 0x0000000085400000, 0x0000000085500000|  0%| F|  |TAMS 0x0000000085400000, 0x0000000085400000| Untracked 
|  63|0x0000000085500000, 0x0000000085500000, 0x0000000085600000|  0%| F|  |TAMS 0x0000000085500000, 0x0000000085500000| Untracked 
|  64|0x0000000085600000, 0x0000000085600000, 0x0000000085700000|  0%| F|  |TAMS 0x0000000085600000, 0x0000000085600000| Untracked 
|  65|0x0000000085700000, 0x0000000085700000, 0x0000000085800000|  0%| F|  |TAMS 0x0000000085700000, 0x0000000085700000| Untracked 
|  66|0x0000000085800000, 0x0000000085800000, 0x0000000085900000|  0%| F|  |TAMS 0x0000000085800000, 0x0000000085800000| Untracked 
|  67|0x0000000085900000, 0x0000000085900000, 0x0000000085a00000|  0%| F|  |TAMS 0x0000000085900000, 0x0000000085900000| Untracked 
|  68|0x0000000085a00000, 0x0000000085a00000, 0x0000000085b00000|  0%| F|  |TAMS 0x0000000085a00000, 0x0000000085a00000| Untracked 
|  69|0x0000000085b00000, 0x0000000085b00000, 0x0000000085c00000|  0%| F|  |TAMS 0x0000000085b00000, 0x0000000085b00000| Untracked 
|  70|0x0000000085c00000, 0x0000000085c00000, 0x0000000085d00000|  0%| F|  |TAMS 0x0000000085c00000, 0x0000000085c00000| Untracked 
|  71|0x0000000085d00000, 0x0000000085d00000, 0x0000000085e00000|  0%| F|  |TAMS 0x0000000085d00000, 0x0000000085d00000| Untracked 
|  72|0x0000000085e00000, 0x0000000085e00000, 0x0000000085f00000|  0%| F|  |TAMS 0x0000000085e00000, 0x0000000085e00000| Untracked 
|  73|0x0000000085f00000, 0x0000000085f00000, 0x0000000086000000|  0%| F|  |TAMS 0x0000000085f00000, 0x0000000085f00000| Untracked 
|  74|0x0000000086000000, 0x0000000086000000, 0x0000000086100000|  0%| F|  |TAMS 0x0000000086000000, 0x0000000086000000| Untracked 
|  75|0x0000000086100000, 0x0000000086100000, 0x0000000086200000|  0%| F|  |TAMS 0x0000000086100000, 0x0000000086100000| Untracked 
|  76|0x0000000086200000, 0x0000000086200000, 0x0000000086300000|  0%| F|  |TAMS 0x0000000086200000, 0x0000000086200000| Untracked 
|  77|0x0000000086300000, 0x0000000086300000, 0x0000000086400000|  0%| F|  |TAMS 0x0000000086300000, 0x0000000086300000| Untracked 
|  78|0x0000000086400000, 0x0000000086400000, 0x0000000086500000|  0%| F|  |TAMS 0x0000000086400000, 0x0000000086400000| Untracked 
|  79|0x0000000086500000, 0x0000000086500000, 0x0000000086600000|  0%| F|  |TAMS 0x0000000086500000, 0x0000000086500000| Untracked 
|  80|0x0000000086600000, 0x0000000086600000, 0x0000000086700000|  0%| F|  |TAMS 0x0000000086600000, 0x0000000086600000| Untracked 
|  81|0x0000000086700000, 0x0000000086700000, 0x0000000086800000|  0%| F|  |TAMS 0x0000000086700000, 0x0000000086700000| Untracked 
|  82|0x0000000086800000, 0x0000000086800000, 0x0000000086900000|  0%| F|  |TAMS 0x0000000086800000, 0x0000000086800000| Untracked 
|  83|0x0000000086900000, 0x0000000086900000, 0x0000000086a00000|  0%| F|  |TAMS 0x0000000086900000, 0x0000000086900000| Untracked 
|  84|0x0000000086a00000, 0x0000000086a00000, 0x0000000086b00000|  0%| F|  |TAMS 0x0000000086a00000, 0x0000000086a00000| Untracked 
|  85|0x0000000086b00000, 0x0000000086b00000, 0x0000000086c00000|  0%| F|  |TAMS 0x0000000086b00000, 0x0000000086b00000| Untracked 
|  86|0x0000000086c00000, 0x0000000086c00000, 0x0000000086d00000|  0%| F|  |TAMS 0x0000000086c00000, 0x0000000086c00000| Untracked 
|  87|0x0000000086d00000, 0x0000000086d00000, 0x0000000086e00000|  0%| F|  |TAMS 0x0000000086d00000, 0x0000000086d00000| Untracked 
|  88|0x0000000086e00000, 0x0000000086e00000, 0x0000000086f00000|  0%| F|  |TAMS 0x0000000086e00000, 0x0000000086e00000| Untracked 
|  89|0x0000000086f00000, 0x0000000086f00000, 0x0000000087000000|  0%| F|  |TAMS 0x0000000086f00000, 0x0000000086f00000| Untracked 
|  90|0x0000000087000000, 0x0000000087000000, 0x0000000087100000|  0%| F|  |TAMS 0x0000000087000000, 0x0000000087000000| Untracked 
|  91|0x0000000087100000, 0x0000000087100000, 0x0000000087200000|  0%| F|  |TAMS 0x0000000087100000, 0x0000000087100000| Untracked 
|  92|0x0000000087200000, 0x0000000087200000, 0x0000000087300000|  0%| F|  |TAMS 0x0000000087200000, 0x0000000087200000| Untracked 
|  93|0x0000000087300000, 0x0000000087300000, 0x0000000087400000|  0%| F|  |TAMS 0x0000000087300000, 0x0000000087300000| Untracked 
|  94|0x0000000087400000, 0x0000000087400000, 0x0000000087500000|  0%| F|  |TAMS 0x0000000087400000, 0x0000000087400000| Untracked 
|  95|0x0000000087500000, 0x0000000087500000, 0x0000000087600000|  0%| F|  |TAMS 0x0000000087500000, 0x0000000087500000| Untracked 
|  96|0x0000000087600000, 0x0000000087600000, 0x0000000087700000|  0%| F|  |TAMS 0x0000000087600000, 0x0000000087600000| Untracked 
|  97|0x0000000087700000, 0x0000000087700000, 0x0000000087800000|  0%| F|  |TAMS 0x0000000087700000, 0x0000000087700000| Untracked 
|  98|0x0000000087800000, 0x0000000087800000, 0x0000000087900000|  0%| F|  |TAMS 0x0000000087800000, 0x0000000087800000| Untracked 
|  99|0x0000000087900000, 0x0000000087900000, 0x0000000087a00000|  0%| F|  |TAMS 0x0000000087900000, 0x0000000087900000| Untracked 
| 100|0x0000000087a00000, 0x0000000087a00000, 0x0000000087b00000|  0%| F|  |TAMS 0x0000000087a00000, 0x0000000087a00000| Untracked 
| 101|0x0000000087b00000, 0x0000000087b00000, 0x0000000087c00000|  0%| F|  |TAMS 0x0000000087b00000, 0x0000000087b00000| Untracked 
| 102|0x0000000087c00000, 0x0000000087c00000, 0x0000000087d00000|  0%| F|  |TAMS 0x0000000087c00000, 0x0000000087c00000| Untracked 
| 103|0x0000000087d00000, 0x0000000087d00000, 0x0000000087e00000|  0%| F|  |TAMS 0x0000000087d00000, 0x0000000087d00000| Untracked 
| 104|0x0000000087e00000, 0x0000000087e00000, 0x0000000087f00000|  0%| F|  |TAMS 0x0000000087e00000, 0x0000000087e00000| Untracked 
| 105|0x0000000087f00000, 0x0000000087f00000, 0x0000000088000000|  0%| F|  |TAMS 0x0000000087f00000, 0x0000000087f00000| Untracked 
| 106|0x0000000088000000, 0x0000000088000000, 0x0000000088100000|  0%| F|  |TAMS 0x0000000088000000, 0x0000000088000000| Untracked 
| 107|0x0000000088100000, 0x0000000088100000, 0x0000000088200000|  0%| F|  |TAMS 0x0000000088100000, 0x0000000088100000| Untracked 
| 108|0x0000000088200000, 0x0000000088200000, 0x0000000088300000|  0%| F|  |TAMS 0x0000000088200000, 0x0000000088200000| Untracked 
| 109|0x0000000088300000, 0x0000000088300000, 0x0000000088400000|  0%| F|  |TAMS 0x0000000088300000, 0x0000000088300000| Untracked 
| 110|0x0000000088400000, 0x0000000088400000, 0x0000000088500000|  0%| F|  |TAMS 0x0000000088400000, 0x0000000088400000| Untracked 
| 111|0x0000000088500000, 0x0000000088500000, 0x0000000088600000|  0%| F|  |TAMS 0x0000000088500000, 0x0000000088500000| Untracked 
| 112|0x0000000088600000, 0x0000000088600000, 0x0000000088700000|  0%| F|  |TAMS 0x0000000088600000, 0x0000000088600000| Untracked 
| 113|0x0000000088700000, 0x0000000088700000, 0x0000000088800000|  0%| F|  |TAMS 0x0000000088700000, 0x0000000088700000| Untracked 
| 114|0x0000000088800000, 0x0000000088800000, 0x0000000088900000|  0%| F|  |TAMS 0x0000000088800000, 0x0000000088800000| Untracked 
| 115|0x0000000088900000, 0x0000000088900000, 0x0000000088a00000|  0%| F|  |TAMS 0x0000000088900000, 0x0000000088900000| Untracked 
| 116|0x0000000088a00000, 0x0000000088a00000, 0x0000000088b00000|  0%| F|  |TAMS 0x0000000088a00000, 0x0000000088a00000| Untracked 
| 117|0x0000000088b00000, 0x0000000088b00000, 0x0000000088c00000|  0%| F|  |TAMS 0x0000000088b00000, 0x0000000088b00000| Untracked 
| 118|0x0000000088c00000, 0x0000000088c00000, 0x0000000088d00000|  0%| F|  |TAMS 0x0000000088c00000, 0x0000000088c00000| Untracked 
| 119|0x0000000088d00000, 0x0000000088d00000, 0x0000000088e00000|  0%| F|  |TAMS 0x0000000088d00000, 0x0000000088d00000| Untracked 
| 120|0x0000000088e00000, 0x0000000088e00000, 0x0000000088f00000|  0%| F|  |TAMS 0x0000000088e00000, 0x0000000088e00000| Untracked 
| 121|0x0000000088f00000, 0x0000000088f00000, 0x0000000089000000|  0%| F|  |TAMS 0x0000000088f00000, 0x0000000088f00000| Untracked 
| 122|0x0000000089000000, 0x0000000089000000, 0x0000000089100000|  0%| F|  |TAMS 0x0000000089000000, 0x0000000089000000| Untracked 
| 123|0x0000000089100000, 0x00000000891940d0, 0x0000000089200000| 57%| E|  |TAMS 0x0000000089100000, 0x0000000089100000| Complete 
| 124|0x0000000089200000, 0x0000000089300000, 0x0000000089300000|100%| E|CS|TAMS 0x0000000089200000, 0x0000000089200000| Complete 
| 125|0x0000000089300000, 0x0000000089400000, 0x0000000089400000|100%| E|CS|TAMS 0x0000000089300000, 0x0000000089300000| Complete 
| 126|0x0000000089400000, 0x0000000089500000, 0x0000000089500000|100%| E|CS|TAMS 0x0000000089400000, 0x0000000089400000| Complete 
| 127|0x0000000089500000, 0x0000000089600000, 0x0000000089600000|100%| E|CS|TAMS 0x0000000089500000, 0x0000000089500000| Complete 

Card table byte_map: [0x000001da49a20000,0x000001da49e20000] _byte_map_base: 0x000001da49615000

Marking Bits (Prev, Next): (CMBitMap*) 0x000001da32335e38, (CMBitMap*) 0x000001da32335e70
 Prev Bits: [0x000001da4a220000, 0x000001da4c1c8000)
 Next Bits: [0x000001da4c1d0000, 0x000001da4e178000)

Polling page: 0x000001da300e0000

Metaspace:

Usage:
  Non-class:      7.88 MB capacity,     7.82 MB (>99%) used,    54.04 KB ( <1%) free+waste,     6.38 KB ( <1%) overhead. 
      Class:    802.00 KB capacity,   769.13 KB ( 96%) used,    30.43 KB (  4%) free+waste,     2.44 KB ( <1%) overhead. 
       Both:      8.66 MB capacity,     8.57 MB ( 99%) used,    84.47 KB ( <1%) free+waste,     8.81 KB ( <1%) overhead. 

Virtual space:
  Non-class space:        8.00 MB reserved,       8.00 MB (100%) committed 
      Class space:        1.00 GB reserved,     896.00 KB ( <1%) committed 
             Both:        1.01 GB reserved,       8.88 MB ( <1%) committed 

Chunk freelists:
   Non-Class:  0 bytes
       Class:  3.75 KB
        Both:  3.75 KB

CodeHeap 'non-profiled nmethods': size=120064Kb used=115Kb max_used=115Kb free=119948Kb
 bounds [0x000001da420e0000, 0x000001da42350000, 0x000001da49620000]
CodeHeap 'profiled nmethods': size=120000Kb used=534Kb max_used=534Kb free=119465Kb
 bounds [0x000001da3abb0000, 0x000001da3ae20000, 0x000001da420e0000]
CodeHeap 'non-nmethods': size=5696Kb used=1153Kb max_used=1166Kb free=4542Kb
 bounds [0x000001da3a620000, 0x000001da3a890000, 0x000001da3abb0000]
 total_blobs=852 nmethods=385 adapters=276
 compilation: enabled
              stopped_count=0, restarted_count=0
 full_count=0

Compilation events (10 events):
Event: 423.656 Thread 0x000001da5069e800  381       3       org.eclipse.jdt.launching.internal.org.objectweb.asm.ClassReader::readUtf (44 bytes)
Event: 423.656 Thread 0x000001da5069e800 nmethod 381 0x000001da3ac32b90 code [0x000001da3ac32d80, 0x000001da3ac33290]
Event: 423.658 Thread 0x000001da5069e800  382       3       org.eclipse.jdt.launching.internal.org.objectweb.asm.SymbolTable::hash (10 bytes)
Event: 423.658 Thread 0x000001da5069e800 nmethod 382 0x000001da3ac33510 code [0x000001da3ac336c0, 0x000001da3ac33850]
Event: 550.094 Thread 0x000001da5069e800  383       3       org.eclipse.jdt.launching.internal.org.objectweb.asm.SymbolTable::addConstantUtf8 (98 bytes)
Event: 550.095 Thread 0x000001da5069e800 nmethod 383 0x000001da3ac33910 code [0x000001da3ac33b60, 0x000001da3ac34260]
Event: 550.095 Thread 0x000001da5069e800  384       3       org.eclipse.jdt.launching.internal.org.objectweb.asm.MethodWriter::visitInsn (115 bytes)
Event: 550.096 Thread 0x000001da5069e800 nmethod 384 0x000001da3ac34610 code [0x000001da3ac34800, 0x000001da3ac34d10]
Event: 550.096 Thread 0x000001da5069e800  385       3       java.lang.String::<init> (74 bytes)
Event: 550.096 Thread 0x000001da5069e800 nmethod 385 0x000001da3ac34e90 code [0x000001da3ac350a0, 0x000001da3ac357a0]

GC Heap History (0 events):
No events

Deoptimization events (1 events):
Event: 0.220 Thread 0x000001da322f5000 Uncommon trap: reason=unstable_if action=reinterpret pc=0x000001da420eb450 method=java.lang.String.equals(Ljava/lang/Object;)Z @ 34 c2

Classes redefined (3 events):
Event: 423.660 Thread 0x000001da50649000 redefined class name=Tree, count=1
Event: 550.100 Thread 0x000001da50649000 redefined class name=Tree, count=2
Event: 1121.027 Thread 0x000001da50649000 redefined class name=Tree, count=3

Internal exceptions (0 events):
No events

Events (10 events):
Event: 1121.542 Executing VM operation: GetFrameLocation done
Event: 1121.542 Executing VM operation: GetOrSetLocal
Event: 1121.542 Executing VM operation: GetOrSetLocal done
Event: 1121.543 Executing VM operation: GetFrameLocation
Event: 1121.543 Executing VM operation: GetFrameLocation done
Event: 1121.543 Executing VM operation: GetOrSetLocal
Event: 1121.543 Executing VM operation: GetOrSetLocal done
Event: 1121.543 Executing VM operation: GetFrameLocation
Event: 1121.543 Executing VM operation: GetFrameLocation done
Event: 1121.543 Executing VM operation: GetOrSetLocal


Dynamic libraries:
0x00007ff778a60000 - 0x00007ff778aa7000 	C:\Program Files\Java\jdk-11.0.2\bin\javaw.exe
0x00007ffda85a0000 - 0x00007ffda8781000 	C:\WINDOWS\SYSTEM32\ntdll.dll
0x00007ffda6650000 - 0x00007ffda6702000 	C:\WINDOWS\System32\KERNEL32.DLL
0x00007ffda5430000 - 0x00007ffda56a3000 	C:\WINDOWS\System32\KERNELBASE.dll
0x00007ffda6770000 - 0x00007ffda6811000 	C:\WINDOWS\System32\ADVAPI32.dll
0x00007ffda82b0000 - 0x00007ffda834e000 	C:\WINDOWS\System32\msvcrt.dll
0x00007ffda6710000 - 0x00007ffda676b000 	C:\WINDOWS\System32\sechost.dll
0x00007ffda7ca0000 - 0x00007ffda7dc4000 	C:\WINDOWS\System32\RPCRT4.dll
0x00007ffda5d60000 - 0x00007ffda5ef0000 	C:\WINDOWS\System32\USER32.dll
0x00007ffda5120000 - 0x00007ffda5140000 	C:\WINDOWS\System32\win32u.dll
0x00007ffda7c60000 - 0x00007ffda7c88000 	C:\WINDOWS\System32\GDI32.dll
0x00007ffda5830000 - 0x00007ffda59c2000 	C:\WINDOWS\System32\gdi32full.dll
0x00007ffda5080000 - 0x00007ffda511f000 	C:\WINDOWS\System32\msvcp_win.dll
0x00007ffda5140000 - 0x00007ffda523a000 	C:\WINDOWS\System32\ucrtbase.dll
0x00007ffd8fbb0000 - 0x00007ffd8fe19000 	C:\WINDOWS\WinSxS\amd64_microsoft.windows.common-controls_6595b64144ccf1df_6.0.17134.590_none_fb3d9bff3069e088\COMCTL32.dll
0x00007ffda5a30000 - 0x00007ffda5d52000 	C:\WINDOWS\System32\combase.dll
0x00007ffd94df0000 - 0x00007ffd94dfa000 	C:\WINDOWS\SYSTEM32\VERSION.dll
0x00007ffda56b0000 - 0x00007ffda572a000 	C:\WINDOWS\System32\bcryptPrimitives.dll
0x00007ffda8280000 - 0x00007ffda82ad000 	C:\WINDOWS\System32\IMM32.DLL
0x00007ffd775e0000 - 0x00007ffd775f6000 	C:\Program Files\Java\jdk-11.0.2\bin\vcruntime140.dll
0x00007ffd61360000 - 0x00007ffd6140a000 	C:\Program Files\Java\jdk-11.0.2\bin\msvcp140.dll
0x00007ffd37770000 - 0x00007ffd38297000 	C:\Program Files\Java\jdk-11.0.2\bin\server\jvm.dll
0x00007ffda7c90000 - 0x00007ffda7c98000 	C:\WINDOWS\System32\PSAPI.DLL
0x00007ffd9cc80000 - 0x00007ffd9cc89000 	C:\WINDOWS\SYSTEM32\WSOCK32.dll
0x00007ffda2290000 - 0x00007ffda22b3000 	C:\WINDOWS\SYSTEM32\WINMM.dll
0x00007ffda5f50000 - 0x00007ffda5fbc000 	C:\WINDOWS\System32\WS2_32.dll
0x00007ffda2260000 - 0x00007ffda228a000 	C:\WINDOWS\SYSTEM32\WINMMBASE.dll
0x00007ffda5730000 - 0x00007ffda5779000 	C:\WINDOWS\System32\cfgmgr32.dll
0x00007ffda4950000 - 0x00007ffda4961000 	C:\WINDOWS\System32\kernel.appcore.dll
0x00007ffd92cc0000 - 0x00007ffd92cd1000 	C:\Program Files\Java\jdk-11.0.2\bin\verify.dll
0x00007ffda3540000 - 0x00007ffda3709000 	C:\WINDOWS\SYSTEM32\DBGHELP.DLL
0x00007ffd99900000 - 0x00007ffd99929000 	C:\WINDOWS\SYSTEM32\dbgcore.DLL
0x00007ffd7d100000 - 0x00007ffd7d129000 	C:\Program Files\Java\jdk-11.0.2\bin\java.dll
0x00007ffd70ae0000 - 0x00007ffd70b17000 	C:\Program Files\Java\jdk-11.0.2\bin\jdwp.dll
0x00007ffd72a00000 - 0x00007ffd72a2f000 	C:\Program Files\Java\jdk-11.0.2\bin\instrument.dll
0x00007ffd7d0e0000 - 0x00007ffd7d0f6000 	C:\Program Files\Java\jdk-11.0.2\bin\zip.dll
0x00007ffd9cc40000 - 0x00007ffd9cc4a000 	C:\Program Files\Java\jdk-11.0.2\bin\jimage.dll
0x00007ffda6820000 - 0x00007ffda7c60000 	C:\WINDOWS\System32\SHELL32.dll
0x00007ffda83b0000 - 0x00007ffda8459000 	C:\WINDOWS\System32\shcore.dll
0x00007ffda4970000 - 0x00007ffda507d000 	C:\WINDOWS\System32\windows.storage.dll
0x00007ffda5ef0000 - 0x00007ffda5f41000 	C:\WINDOWS\System32\shlwapi.dll
0x00007ffda4930000 - 0x00007ffda494f000 	C:\WINDOWS\System32\profapi.dll
0x00007ffda48c0000 - 0x00007ffda490c000 	C:\WINDOWS\System32\powrprof.dll
0x00007ffda48b0000 - 0x00007ffda48ba000 	C:\WINDOWS\System32\FLTLIB.DLL
0x00007ffda2750000 - 0x00007ffda275a000 	C:\Program Files\Java\jdk-11.0.2\bin\dt_socket.dll
0x00007ffda40d0000 - 0x00007ffda4136000 	C:\WINDOWS\System32\mswsock.dll
0x00007ffda3e90000 - 0x00007ffda3f4e000 	C:\WINDOWS\SYSTEM32\DNSAPI.dll
0x00007ffda8460000 - 0x00007ffda8468000 	C:\WINDOWS\System32\NSI.dll
0x00007ffda3e50000 - 0x00007ffda3e88000 	C:\WINDOWS\SYSTEM32\IPHLPAPI.DLL
0x00007ffd96a10000 - 0x00007ffd96a82000 	C:\WINDOWS\System32\fwpuclnt.dll
0x00007ffda4410000 - 0x00007ffda4435000 	C:\WINDOWS\SYSTEM32\bcrypt.dll
0x00007ffd96720000 - 0x00007ffd9672a000 	C:\Windows\System32\rasadhlp.dll
0x00007ffd7d0c0000 - 0x00007ffd7d0d9000 	C:\Program Files\Java\jdk-11.0.2\bin\net.dll
0x00007ffd968d0000 - 0x00007ffd969ad000 	C:\WINDOWS\SYSTEM32\WINHTTP.dll
0x00007ffd95440000 - 0x00007ffd95609000 	C:\WINDOWS\SYSTEM32\urlmon.dll
0x00007ffd96fc0000 - 0x00007ffd97265000 	C:\WINDOWS\SYSTEM32\iertutil.dll
0x00007ffda4280000 - 0x00007ffda428b000 	C:\WINDOWS\SYSTEM32\CRYPTBASE.DLL
0x00007ffd7d020000 - 0x00007ffd7d033000 	C:\Program Files\Java\jdk-11.0.2\bin\nio.dll

dbghelp: loaded successfully - version: 4.0.5 - missing functions: none
symbol engine: initialized successfully - sym options: 0x614 - pdb path: .;C:\Program Files\Java\jdk-11.0.2\bin;C:\WINDOWS\SYSTEM32;C:\WINDOWS\WinSxS\amd64_microsoft.windows.common-controls_6595b64144ccf1df_6.0.17134.590_none_fb3d9bff3069e088;C:\Program Files\Java\jdk-11.0.2\bin\server

VM Arguments:
jvm_args: -agentlib:jdwp=transport=dt_socket,suspend=y,address=localhost:54709 -javaagent:C:\Users\loxas\eclipse\java-2018-12\eclipse\configuration\org.eclipse.osgi\221\0\.cp\lib\javaagent-shaded.jar -Dfile.encoding=Cp1251 
java_command: Tree
java_class_path (initial): D:\Óí³âåð\Java\eclipse-workspace\DerevoVidrizrkiv\bin
Launcher Type: SUN_STANDARD

[Global flags]
     intx CICompilerCount                          = 3                                         {product} {ergonomic}
     uint ConcGCThreads                            = 1                                         {product} {ergonomic}
     uint G1ConcRefinementThreads                  = 4                                         {product} {ergonomic}
   size_t G1HeapRegionSize                         = 1048576                                   {product} {ergonomic}
    uintx GCDrainStackTargetSize                   = 64                                        {product} {ergonomic}
   size_t InitialHeapSize                          = 134217728                                 {product} {ergonomic}
   size_t MarkStackSize                            = 4194304                                   {product} {ergonomic}
   size_t MaxHeapSize                              = 2124414976                                {product} {ergonomic}
   size_t MaxNewSize                               = 1274019840                                {product} {ergonomic}
   size_t MinHeapDeltaBytes                        = 1048576                                   {product} {ergonomic}
    uintx NonNMethodCodeHeapSize                   = 5830092                                {pd product} {ergonomic}
    uintx NonProfiledCodeHeapSize                  = 122914074                              {pd product} {ergonomic}
    uintx ProfiledCodeHeapSize                     = 122914074                              {pd product} {ergonomic}
    uintx ReservedCodeCacheSize                    = 251658240                              {pd product} {ergonomic}
     bool SegmentedCodeCache                       = true                                      {product} {ergonomic}
     bool UseCompressedClassPointers               = true                                 {lp64_product} {ergonomic}
     bool UseCompressedOops                        = true                                 {lp64_product} {ergonomic}
     bool UseG1GC                                  = true                                      {product} {ergonomic}
     bool UseLargePagesIndividualAllocation        = false                                  {pd product} {ergonomic}

Logging:
Log output configuration:
 #0: stdout all=warning uptime,level,tags
 #1: stderr all=off uptime,level,tags

Environment Variables:
PATH=C:/Program Files/Java/jdk-11.0.2/bin/server;C:/Program Files/Java/jdk-11.0.2/bin;C:\Program Files (x86)\Intel\iCLS Client\;C:\Program Files\Intel\iCLS Client\;C:\Windows\system32;C:\Windows;C:\Windows\System32\Wbem;C:\Windows\System32\WindowsPowerShell\v1.0\;C:\Program Files (x86)\Intel\Intel(R) Management Engine Components\DAL;C:\Program Files\Intel\Intel(R) Management Engine Components\DAL;C:\Program Files (x86)\Intel\Intel(R) Management Engine Components\IPT;C:\Program Files\Intel\Intel(R) Management Engine Components\IPT;C:\Program Files (x86)\NVIDIA Corporation\PhysX\Common;C:\Program Files\dotnet\;C:\Program Files\Microsoft SQL Server\130\Tools\Binn\;C:\WINDOWS\system32;C:\WINDOWS;C:\WINDOWS\System32\Wbem;C:\WINDOWS\System32\WindowsPowerShell\v1.0\;C:\WINDOWS\System32\OpenSSH\;C:\Program Files\Microsoft SQL Server\Client SDK\ODBC\130\Tools\Binn\;C:\Program Files (x86)\Microsoft SQL Server\140\Tools\Binn\;C:\Program Files\Microsoft SQL Server\140\Tools\Binn\;C:\Program Files\Microsoft SQL Server\140\DTS\Binn\;C:\Users\loxas\AppData\Local\Microsoft\WindowsApps;C:\Users\loxas\AppData\Local\GitHubDesktop\bin;%USERPROFILE%\AppData\Local\Microsoft\WindowsApps;;C:\Users\loxas\OneDrive\Desktop;
USERNAME=loxas
OS=Windows_NT
PROCESSOR_IDENTIFIER=Intel64 Family 6 Model 142 Stepping 9, GenuineIntel



---------------  S Y S T E M  ---------------

OS: Windows 10 , 64 bit Build 17134 (10.0.17134.556)

CPU:total 4 (initial active 4) (2 cores per cpu, 2 threads per core) family 6 model 142 stepping 9, cmov, cx8, fxsr, mmx, sse, sse2, sse3, ssse3, sse4.1, sse4.2, popcnt, avx, avx2, aes, clmul, erms, 3dnowpref, lzcnt, ht, tsc, tscinvbit, bmi1, bmi2, adx, fma

Memory: 4k page, system-wide physical 8100M (3962M free)
TotalPageFile size 13476M (AvailPageFile size 6064M)
current process WorkingSet (physical memory assigned to process): 37M, peak: 44M
current process commit charge ("private bytes"): 202M, peak: 203M

vm_info: Java HotSpot(TM) 64-Bit Server VM (11.0.2+9-LTS) for windows-amd64 JRE (11.0.2+9-LTS), built on Jan 18 2019 05:24:10 by "mach5one" with MS VC++ 15.5 (VS2017)

END.
